<?xml version="1.0" encoding="UTF-8"?>
<!-- Generated by org.testng.reporters.JUnitXMLReporter -->
<testsuite ignored="0" hostname="DESKTOP-7PTRHU1" failures="1" tests="7" name="Test" time="16.808" errors="0" timestamp="2022-11-05T12:53:16 IST">
  <testcase classname="project_name.tests.SenarioNameTest" name="TestCaseName1" time="2.51"/>
  <testcase classname="project_name.tests.SenarioNameTest" name="TestCaseName2" time="2.502"/>
  <testcase classname="project_name.tests.SenarioNameTest" name="TestCaseName3" time="2.516">
    <failure type="java.lang.ArithmeticException" message="/ by zero">
      <![CDATA[java.lang.ArithmeticException: / by zero
at project_name.tests.SenarioNameTest.TestCaseName3(SenarioNameTest.java:48)
at java.base/java.util.ArrayList.forEach(ArrayList.java:1511)
... Removed 27 stack frames]]>
    </failure>
  </testcase> <!-- TestCaseName3 -->
  <testcase classname="project_name.tests.Senario2NameTest" name="test" time="0.002"/>
  <testcase classname="project_name.tests.Senario2NameTest" name="test1" time="0.001"/>
  <testcase classname="project_name.tests.Senario2NameTest" name="test2" time="0.001"/>
  <testcase classname="project_name.tests.Senario2NameTest" name="test3" time="0.001"/>
</testsuite> <!-- Test -->
