<?xml version="1.0" encoding="UTF-8"?>
<!-- Generated by org.testng.reporters.JUnitXMLReporter -->
<testsuite ignored="0" hostname="DESKTOP-7PTRHU1" failures="0" tests="4" name="Default test" time="0.074" errors="0" timestamp="2022-11-05T12:51:22 IST">
  <testcase classname="project_name.tests.Senario2NameTest" name="test" time="0.008"/>
  <testcase classname="project_name.tests.Senario2NameTest" name="test1" time="0.001"/>
  <testcase classname="project_name.tests.Senario2NameTest" name="test2" time="0.001"/>
  <testcase classname="project_name.tests.Senario2NameTest" name="test3" time="0.001"/>
</testsuite> <!-- Default test -->
