<?xml version="1.0" encoding="UTF-8"?>
<testng-results ignored="0" total="7" passed="6" failed="1" skipped="0">
  <reporter-output>
  </reporter-output>
  <suite started-at="2022-11-05T12:52:59 IST" name="Suite" finished-at="2022-11-05T12:53:16 IST" duration-ms="16808">
    <groups>
    </groups>
    <test started-at="2022-11-05T12:52:59 IST" name="Test" finished-at="2022-11-05T12:53:16 IST" duration-ms="16808">
      <class name="project_name.tests.SenarioNameTest">
        <test-method is-config="true" signature="initialize()[pri:0, instance:project_name.tests.SenarioNameTest@1ed6388a]" started-at="2022-11-05T12:52:59 IST" name="initialize" finished-at="2022-11-05T12:53:03 IST" duration-ms="3964" status="PASS">
          <reporter-output>
          </reporter-output>
        </test-method> <!-- initialize -->
        <test-method signature="TestCaseName1()[pri:0, instance:project_name.tests.SenarioNameTest@1ed6388a]" started-at="2022-11-05T12:53:03 IST" name="TestCaseName1" finished-at="2022-11-05T12:53:05 IST" duration-ms="2510" status="PASS">
          <reporter-output>
          </reporter-output>
        </test-method> <!-- TestCaseName1 -->
        <test-method is-config="true" signature="teardown()[pri:0, instance:project_name.tests.SenarioNameTest@1ed6388a]" started-at="2022-11-05T12:53:05 IST" name="teardown" finished-at="2022-11-05T12:53:06 IST" duration-ms="247" status="PASS">
          <reporter-output>
          </reporter-output>
        </test-method> <!-- teardown -->
        <test-method is-config="true" signature="initialize()[pri:0, instance:project_name.tests.SenarioNameTest@1ed6388a]" started-at="2022-11-05T12:53:06 IST" name="initialize" finished-at="2022-11-05T12:53:08 IST" duration-ms="2459" status="PASS">
          <reporter-output>
          </reporter-output>
        </test-method> <!-- initialize -->
        <test-method signature="TestCaseName2()[pri:0, instance:project_name.tests.SenarioNameTest@1ed6388a]" started-at="2022-11-05T12:53:08 IST" name="TestCaseName2" finished-at="2022-11-05T12:53:11 IST" duration-ms="2502" status="PASS">
          <reporter-output>
          </reporter-output>
        </test-method> <!-- TestCaseName2 -->
        <test-method is-config="true" signature="teardown()[pri:0, instance:project_name.tests.SenarioNameTest@1ed6388a]" started-at="2022-11-05T12:53:11 IST" name="teardown" finished-at="2022-11-05T12:53:11 IST" duration-ms="184" status="PASS">
          <reporter-output>
          </reporter-output>
        </test-method> <!-- teardown -->
        <test-method is-config="true" signature="initialize()[pri:0, instance:project_name.tests.SenarioNameTest@1ed6388a]" started-at="2022-11-05T12:53:11 IST" name="initialize" finished-at="2022-11-05T12:53:13 IST" duration-ms="2152" status="PASS">
          <reporter-output>
          </reporter-output>
        </test-method> <!-- initialize -->
        <test-method signature="TestCaseName3()[pri:0, instance:project_name.tests.SenarioNameTest@1ed6388a]" started-at="2022-11-05T12:53:13 IST" name="TestCaseName3" finished-at="2022-11-05T12:53:15 IST" duration-ms="2516" status="FAIL">
          <exception class="java.lang.ArithmeticException">
            <message>
              <![CDATA[/ by zero]]>
            </message>
            <full-stacktrace>
              <![CDATA[java.lang.ArithmeticException: / by zero
at project_name.tests.SenarioNameTest.TestCaseName3(SenarioNameTest.java:48)
at java.base/jdk.internal.reflect.NativeMethodAccessorImpl.invoke0(Native Method)
at java.base/jdk.internal.reflect.NativeMethodAccessorImpl.invoke(NativeMethodAccessorImpl.java:77)
at java.base/jdk.internal.reflect.DelegatingMethodAccessorImpl.invoke(DelegatingMethodAccessorImpl.java:43)
at java.base/java.lang.reflect.Method.invoke(Method.java:568)
at org.testng.internal.invokers.MethodInvocationHelper.invokeMethod(MethodInvocationHelper.java:139)
at org.testng.internal.invokers.TestInvoker.invokeMethod(TestInvoker.java:677)
at org.testng.internal.invokers.TestInvoker.invokeTestMethod(TestInvoker.java:221)
at org.testng.internal.invokers.MethodRunner.runInSequence(MethodRunner.java:50)
at org.testng.internal.invokers.TestInvoker$MethodInvocationAgent.invoke(TestInvoker.java:962)
at org.testng.internal.invokers.TestInvoker.invokeTestMethods(TestInvoker.java:194)
at org.testng.internal.invokers.TestMethodWorker.invokeTestMethods(TestMethodWorker.java:148)
at org.testng.internal.invokers.TestMethodWorker.run(TestMethodWorker.java:128)
at java.base/java.util.ArrayList.forEach(ArrayList.java:1511)
at org.testng.TestRunner.privateRun(TestRunner.java:806)
at org.testng.TestRunner.run(TestRunner.java:601)
at org.testng.SuiteRunner.runTest(SuiteRunner.java:433)
at org.testng.SuiteRunner.runSequentially(SuiteRunner.java:427)
at org.testng.SuiteRunner.privateRun(SuiteRunner.java:387)
at org.testng.SuiteRunner.run(SuiteRunner.java:330)
at org.testng.SuiteRunnerWorker.runSuite(SuiteRunnerWorker.java:52)
at org.testng.SuiteRunnerWorker.run(SuiteRunnerWorker.java:95)
at org.testng.TestNG.runSuitesSequentially(TestNG.java:1256)
at org.testng.TestNG.runSuitesLocally(TestNG.java:1176)
at org.testng.TestNG.runSuites(TestNG.java:1099)
at org.testng.TestNG.run(TestNG.java:1067)
at org.testng.remote.AbstractRemoteTestNG.run(AbstractRemoteTestNG.java:115)
at org.testng.remote.RemoteTestNG.initAndRun(RemoteTestNG.java:251)
at org.testng.remote.RemoteTestNG.main(RemoteTestNG.java:77)
]]>
            </full-stacktrace>
          </exception> <!-- java.lang.ArithmeticException -->
          <reporter-output>
          </reporter-output>
        </test-method> <!-- TestCaseName3 -->
        <test-method is-config="true" signature="teardown()[pri:0, instance:project_name.tests.SenarioNameTest@1ed6388a]" started-at="2022-11-05T12:53:15 IST" name="teardown" finished-at="2022-11-05T12:53:16 IST" duration-ms="185" status="PASS">
          <reporter-output>
          </reporter-output>
        </test-method> <!-- teardown -->
      </class> <!-- project_name.tests.SenarioNameTest -->
      <class name="project_name.tests.Hooks">
        <test-method is-config="true" signature="beforeTest()[pri:0, instance:project_name.tests.Hooks@740cae06]" started-at="2022-11-05T12:52:59 IST" name="beforeTest" finished-at="2022-11-05T12:52:59 IST" duration-ms="13" status="PASS">
          <reporter-output>
          </reporter-output>
        </test-method> <!-- beforeTest -->
        <test-method is-config="true" signature="afterTest()[pri:0, instance:project_name.tests.Hooks@740cae06]" started-at="2022-11-05T12:53:16 IST" name="afterTest" finished-at="2022-11-05T12:53:16 IST" duration-ms="0" status="PASS">
          <reporter-output>
          </reporter-output>
        </test-method> <!-- afterTest -->
      </class> <!-- project_name.tests.Hooks -->
      <class name="project_name.tests.Senario2NameTest">
        <test-method is-config="true" signature="beforeClass()[pri:0, instance:project_name.tests.Senario2NameTest@f0c8a99]" started-at="2022-11-05T12:53:16 IST" name="beforeClass" finished-at="2022-11-05T12:53:16 IST" duration-ms="1" status="PASS">
          <reporter-output>
          </reporter-output>
        </test-method> <!-- beforeClass -->
        <test-method is-config="true" signature="beforeMethodTest()[pri:0, instance:project_name.tests.Senario2NameTest@f0c8a99]" started-at="2022-11-05T12:53:16 IST" name="beforeMethodTest" finished-at="2022-11-05T12:53:16 IST" duration-ms="1" status="PASS">
          <reporter-output>
          </reporter-output>
        </test-method> <!-- beforeMethodTest -->
        <test-method signature="test()[pri:0, instance:project_name.tests.Senario2NameTest@f0c8a99]" started-at="2022-11-05T12:53:16 IST" name="test" finished-at="2022-11-05T12:53:16 IST" duration-ms="2" status="PASS">
          <reporter-output>
          </reporter-output>
        </test-method> <!-- test -->
        <test-method is-config="true" signature="afterMethodTest()[pri:0, instance:project_name.tests.Senario2NameTest@f0c8a99]" started-at="2022-11-05T12:53:16 IST" name="afterMethodTest" finished-at="2022-11-05T12:53:16 IST" duration-ms="0" status="PASS">
          <reporter-output>
          </reporter-output>
        </test-method> <!-- afterMethodTest -->
        <test-method signature="test1()[pri:0, instance:project_name.tests.Senario2NameTest@f0c8a99]" started-at="2022-11-05T12:53:16 IST" name="test1" finished-at="2022-11-05T12:53:16 IST" duration-ms="1" status="PASS">
          <reporter-output>
          </reporter-output>
        </test-method> <!-- test1 -->
        <test-method is-config="true" signature="beforeMethodTest()[pri:0, instance:project_name.tests.Senario2NameTest@f0c8a99]" started-at="2022-11-05T12:53:16 IST" name="beforeMethodTest" finished-at="2022-11-05T12:53:16 IST" duration-ms="0" status="PASS">
          <reporter-output>
          </reporter-output>
        </test-method> <!-- beforeMethodTest -->
        <test-method is-config="true" signature="afterMethodTest()[pri:0, instance:project_name.tests.Senario2NameTest@f0c8a99]" started-at="2022-11-05T12:53:16 IST" name="afterMethodTest" finished-at="2022-11-05T12:53:16 IST" duration-ms="0" status="PASS">
          <reporter-output>
          </reporter-output>
        </test-method> <!-- afterMethodTest -->
        <test-method signature="test2()[pri:0, instance:project_name.tests.Senario2NameTest@f0c8a99]" started-at="2022-11-05T12:53:16 IST" name="test2" finished-at="2022-11-05T12:53:16 IST" duration-ms="1" status="PASS">
          <reporter-output>
          </reporter-output>
        </test-method> <!-- test2 -->
        <test-method is-config="true" signature="beforeMethodTest()[pri:0, instance:project_name.tests.Senario2NameTest@f0c8a99]" started-at="2022-11-05T12:53:16 IST" name="beforeMethodTest" finished-at="2022-11-05T12:53:16 IST" duration-ms="0" status="PASS">
          <reporter-output>
          </reporter-output>
        </test-method> <!-- beforeMethodTest -->
        <test-method is-config="true" signature="afterMethodTest()[pri:0, instance:project_name.tests.Senario2NameTest@f0c8a99]" started-at="2022-11-05T12:53:16 IST" name="afterMethodTest" finished-at="2022-11-05T12:53:16 IST" duration-ms="0" status="PASS">
          <reporter-output>
          </reporter-output>
        </test-method> <!-- afterMethodTest -->
        <test-method is-config="true" signature="beforeMethodTest()[pri:0, instance:project_name.tests.Senario2NameTest@f0c8a99]" started-at="2022-11-05T12:53:16 IST" name="beforeMethodTest" finished-at="2022-11-05T12:53:16 IST" duration-ms="0" status="PASS">
          <reporter-output>
          </reporter-output>
        </test-method> <!-- beforeMethodTest -->
        <test-method signature="test3()[pri:0, instance:project_name.tests.Senario2NameTest@f0c8a99]" started-at="2022-11-05T12:53:16 IST" name="test3" finished-at="2022-11-05T12:53:16 IST" duration-ms="1" status="PASS">
          <reporter-output>
          </reporter-output>
        </test-method> <!-- test3 -->
        <test-method is-config="true" signature="afterMethodTest()[pri:0, instance:project_name.tests.Senario2NameTest@f0c8a99]" started-at="2022-11-05T12:53:16 IST" name="afterMethodTest" finished-at="2022-11-05T12:53:16 IST" duration-ms="0" status="PASS">
          <reporter-output>
          </reporter-output>
        </test-method> <!-- afterMethodTest -->
        <test-method is-config="true" signature="afterClass()[pri:0, instance:project_name.tests.Senario2NameTest@f0c8a99]" started-at="2022-11-05T12:53:16 IST" name="afterClass" finished-at="2022-11-05T12:53:16 IST" duration-ms="0" status="PASS">
          <reporter-output>
          </reporter-output>
        </test-method> <!-- afterClass -->
      </class> <!-- project_name.tests.Senario2NameTest -->
    </test> <!-- Test -->
  </suite> <!-- Suite -->
</testng-results>
